<?xml version="1.0" encoding="UTF-8"?>
<!-- Generated by org.testng.reporters.JUnitReportReporter -->
<testsuite hostname="DESKTOP-6PT3CKG" failures="0" tests="1" name="sessionFive.ClassLesson" time="3.502" errors="0" timestamp="24 Jun 2023 18:23:48 GMT" skipped="0">
  <testcase classname="sessionFive.ClassLesson" name="login" time="3.502"/>
</testsuite> <!-- sessionFive.ClassLesson -->
